2025-02-28 00:54:59 [INFO] o.h.v.i.u.Version - HV000001: Hibernate Validator 8.0.1.Final
2025-02-28 00:54:59 [INFO] M.C.CarpoolApplication - Starting CarpoolApplication using Java 17.0.10 with PID 22007 (/Users/jeonminseo/Downloads/Carpool_Last/out/production/classes started by jeonminseo in /Users/jeonminseo/Downloads/Carpool_Last)
2025-02-28 00:54:59 [INFO] M.C.CarpoolApplication - No active profile set, falling back to 1 default profile: "default"
2025-02-28 00:55:00 [INFO] o.s.d.r.c.RepositoryConfigurationDelegate - Multiple Spring Data modules found, entering strict repository configuration mode
2025-02-28 00:55:00 [INFO] o.s.d.r.c.RepositoryConfigurationDelegate - Bootstrapping Spring Data JPA repositories in DEFAULT mode.
2025-02-28 00:55:00 [INFO] o.s.d.r.c.RepositoryConfigurationDelegate - Finished Spring Data repository scanning in 113 ms. Found 4 JPA repository interfaces.
2025-02-28 00:55:00 [INFO] o.s.d.r.c.RepositoryConfigurationDelegate - Multiple Spring Data modules found, entering strict repository configuration mode
2025-02-28 00:55:00 [INFO] o.s.d.r.c.RepositoryConfigurationDelegate - Bootstrapping Spring Data Redis repositories in DEFAULT mode.
2025-02-28 00:55:00 [INFO] o.s.d.r.c.RepositoryConfigurationExtensionSupport - Spring Data Redis - Could not safely identify store assignment for repository candidate interface MATE.Carpool.domain.carpool.repository.CarpoolRepository; If you want this repository to be a Redis repository, consider annotating your entities with one of these annotations: org.springframework.data.redis.core.RedisHash (preferred), or consider extending one of the following types with your repository: org.springframework.data.keyvalue.repository.KeyValueRepository
2025-02-28 00:55:00 [INFO] o.s.d.r.c.RepositoryConfigurationExtensionSupport - Spring Data Redis - Could not safely identify store assignment for repository candidate interface MATE.Carpool.domain.carpool.repository.ReservationRepository; If you want this repository to be a Redis repository, consider annotating your entities with one of these annotations: org.springframework.data.redis.core.RedisHash (preferred), or consider extending one of the following types with your repository: org.springframework.data.keyvalue.repository.KeyValueRepository
2025-02-28 00:55:00 [INFO] o.s.d.r.c.RepositoryConfigurationExtensionSupport - Spring Data Redis - Could not safely identify store assignment for repository candidate interface MATE.Carpool.domain.member.repository.MemberRepository; If you want this repository to be a Redis repository, consider annotating your entities with one of these annotations: org.springframework.data.redis.core.RedisHash (preferred), or consider extending one of the following types with your repository: org.springframework.data.keyvalue.repository.KeyValueRepository
2025-02-28 00:55:00 [INFO] o.s.d.r.c.RepositoryConfigurationExtensionSupport - Spring Data Redis - Could not safely identify store assignment for repository candidate interface MATE.Carpool.domain.report.repository.ReportRepository; If you want this repository to be a Redis repository, consider annotating your entities with one of these annotations: org.springframework.data.redis.core.RedisHash (preferred), or consider extending one of the following types with your repository: org.springframework.data.keyvalue.repository.KeyValueRepository
2025-02-28 00:55:00 [INFO] o.s.d.r.c.RepositoryConfigurationDelegate - Finished Spring Data repository scanning in 7 ms. Found 0 Redis repository interfaces.
2025-02-28 00:55:00 [INFO] o.s.b.w.e.t.TomcatWebServer - Tomcat initialized with port 8080 (http)
2025-02-28 00:55:00 [INFO] o.a.c.h.Http11NioProtocol - Initializing ProtocolHandler ["http-nio-8080"]
2025-02-28 00:55:00 [INFO] o.a.c.c.StandardService - Starting service [Tomcat]
2025-02-28 00:55:00 [INFO] o.a.c.c.StandardEngine - Starting Servlet engine: [Apache Tomcat/10.1.33]
2025-02-28 00:55:00 [INFO] o.a.c.c.C.[.[.[/] - Initializing Spring embedded WebApplicationContext
2025-02-28 00:55:00 [INFO] o.s.b.w.s.c.ServletWebServerApplicationContext - Root WebApplicationContext: initialization completed in 1730 ms
2025-02-28 00:55:01 [INFO] c.z.h.HikariDataSource - HikariPool-1 - Starting...
2025-02-28 00:55:01 [INFO] c.z.h.p.HikariPool - HikariPool-1 - Added connection conn0: url=jdbc:h2:mem:test user=SA
2025-02-28 00:55:01 [INFO] c.z.h.HikariDataSource - HikariPool-1 - Start completed.
2025-02-28 00:55:01 [INFO] o.s.b.a.h.H2ConsoleAutoConfiguration - H2 console available at '/h2-console'. Database available at 'jdbc:h2:mem:test'
2025-02-28 00:55:01 [INFO] o.h.j.i.u.LogHelper - HHH000204: Processing PersistenceUnitInfo [name: default]
2025-02-28 00:55:01 [INFO] o.h.Version - HHH000412: Hibernate ORM core version 6.6.2.Final
2025-02-28 00:55:01 [INFO] o.h.c.i.RegionFactoryInitiator - HHH000026: Second-level cache disabled
2025-02-28 00:55:01 [INFO] o.s.o.j.p.SpringPersistenceUnitInfo - No LoadTimeWeaver setup: ignoring JPA class transformer
2025-02-28 00:55:01 [WARN] o.h.o.deprecation - HHH90000025: H2Dialect does not need to be specified explicitly using 'hibernate.dialect' (remove the property setting and it will be selected by default)
2025-02-28 00:55:01 [INFO] o.h.o.c.pooling - HHH10001005: Database info:
	Database JDBC URL [Connecting through datasource 'HikariDataSource (HikariPool-1)']
	Database driver: undefined/unknown
	Database version: 2.3.232
	Autocommit mode: undefined/unknown
	Isolation level: undefined/unknown
	Minimum pool size: undefined/unknown
	Maximum pool size: undefined/unknown
2025-02-28 00:55:02 [INFO] o.h.e.t.j.p.i.JtaPlatformInitiator - HHH000489: No JTA platform available (set 'hibernate.transaction.jta.platform' to enable JTA platform integration)
2025-02-28 00:55:02 [INFO] o.s.o.j.LocalContainerEntityManagerFactoryBean - Initialized JPA EntityManagerFactory for persistence unit 'default'
2025-02-28 00:55:02 [INFO] o.s.d.j.r.q.QueryEnhancerFactory - Hibernate is in classpath; If applicable, HQL parser will be used.
2025-02-28 00:55:02 [ERROR] i.n.r.d.DnsServerAddressStreamProviders - Unable to load io.netty.resolver.dns.macos.MacOSDnsServerAddressStreamProvider, fallback to system defaults. This may result in incorrect DNS resolutions on MacOS. Check whether you have a dependency on 'io.netty:netty-resolver-dns-native-macos'. Use DEBUG level to see the full stack: java.lang.UnsatisfiedLinkError: failed to load the required native library
2025-02-28 00:55:03 [WARN] o.s.b.a.o.j.JpaBaseConfiguration$JpaWebConfiguration - spring.jpa.open-in-view is enabled by default. Therefore, database queries may be performed during view rendering. Explicitly configure spring.jpa.open-in-view to disable this warning
2025-02-28 00:55:03 [INFO] o.s.s.c.a.a.c.InitializeUserDetailsBeanManagerConfigurer$InitializeUserDetailsManagerConfigurer - Global AuthenticationManager configured with UserDetailsService bean with name customUserDetailsServiceImpl
2025-02-28 00:55:04 [INFO] o.s.b.a.e.w.EndpointLinksResolver - Exposing 1 endpoint beneath base path '/actuator'
2025-02-28 00:55:04 [INFO] o.a.c.h.Http11NioProtocol - Starting ProtocolHandler ["http-nio-8080"]
2025-02-28 00:55:04 [INFO] o.s.b.w.e.t.TomcatWebServer - Tomcat started on port 8080 (http) with context path '/'
2025-02-28 00:55:04 [INFO] M.C.CarpoolApplication - Started CarpoolApplication in 6.194 seconds (process running for 6.483)
2025-02-28 00:55:05 [INFO] o.h.v.i.u.Version - HV000001: Hibernate Validator 8.0.1.Final
2025-02-28 00:55:05 [INFO] M.C.CarpoolApplicationTests - Starting CarpoolApplicationTests using Java 17.0.10 with PID 22015 (started by jeonminseo in /Users/jeonminseo/Downloads/Carpool_Last)
2025-02-28 00:55:05 [INFO] M.C.CarpoolApplicationTests - No active profile set, falling back to 1 default profile: "default"
2025-02-28 00:55:06 [INFO] o.s.d.r.c.RepositoryConfigurationDelegate - Multiple Spring Data modules found, entering strict repository configuration mode
2025-02-28 00:55:06 [INFO] o.s.d.r.c.RepositoryConfigurationDelegate - Bootstrapping Spring Data JPA repositories in DEFAULT mode.
2025-02-28 00:55:06 [INFO] o.s.d.r.c.RepositoryConfigurationDelegate - Finished Spring Data repository scanning in 68 ms. Found 4 JPA repository interfaces.
2025-02-28 00:55:06 [INFO] o.s.d.r.c.RepositoryConfigurationDelegate - Multiple Spring Data modules found, entering strict repository configuration mode
2025-02-28 00:55:06 [INFO] o.s.d.r.c.RepositoryConfigurationDelegate - Bootstrapping Spring Data Redis repositories in DEFAULT mode.
2025-02-28 00:55:06 [INFO] o.s.d.r.c.RepositoryConfigurationExtensionSupport - Spring Data Redis - Could not safely identify store assignment for repository candidate interface MATE.Carpool.domain.carpool.repository.CarpoolRepository; If you want this repository to be a Redis repository, consider annotating your entities with one of these annotations: org.springframework.data.redis.core.RedisHash (preferred), or consider extending one of the following types with your repository: org.springframework.data.keyvalue.repository.KeyValueRepository
2025-02-28 00:55:06 [INFO] o.s.d.r.c.RepositoryConfigurationExtensionSupport - Spring Data Redis - Could not safely identify store assignment for repository candidate interface MATE.Carpool.domain.carpool.repository.ReservationRepository; If you want this repository to be a Redis repository, consider annotating your entities with one of these annotations: org.springframework.data.redis.core.RedisHash (preferred), or consider extending one of the following types with your repository: org.springframework.data.keyvalue.repository.KeyValueRepository
2025-02-28 00:55:06 [INFO] o.s.d.r.c.RepositoryConfigurationExtensionSupport - Spring Data Redis - Could not safely identify store assignment for repository candidate interface MATE.Carpool.domain.member.repository.MemberRepository; If you want this repository to be a Redis repository, consider annotating your entities with one of these annotations: org.springframework.data.redis.core.RedisHash (preferred), or consider extending one of the following types with your repository: org.springframework.data.keyvalue.repository.KeyValueRepository
2025-02-28 00:55:06 [INFO] o.s.d.r.c.RepositoryConfigurationExtensionSupport - Spring Data Redis - Could not safely identify store assignment for repository candidate interface MATE.Carpool.domain.report.repository.ReportRepository; If you want this repository to be a Redis repository, consider annotating your entities with one of these annotations: org.springframework.data.redis.core.RedisHash (preferred), or consider extending one of the following types with your repository: org.springframework.data.keyvalue.repository.KeyValueRepository
2025-02-28 00:55:06 [INFO] o.s.d.r.c.RepositoryConfigurationDelegate - Finished Spring Data repository scanning in 4 ms. Found 0 Redis repository interfaces.
2025-02-28 00:55:06 [INFO] o.h.j.i.u.LogHelper - HHH000204: Processing PersistenceUnitInfo [name: default]
2025-02-28 00:55:06 [INFO] o.h.Version - HHH000412: Hibernate ORM core version 6.6.2.Final
2025-02-28 00:55:06 [INFO] o.h.c.i.RegionFactoryInitiator - HHH000026: Second-level cache disabled
2025-02-28 00:55:06 [INFO] o.s.o.j.p.SpringPersistenceUnitInfo - No LoadTimeWeaver setup: ignoring JPA class transformer
2025-02-28 00:55:06 [INFO] c.z.h.HikariDataSource - HikariPool-1 - Starting...
2025-02-28 00:55:06 [INFO] c.z.h.p.HikariPool - HikariPool-1 - Added connection conn0: url=jdbc:h2:mem:test user=SA
2025-02-28 00:55:06 [INFO] c.z.h.HikariDataSource - HikariPool-1 - Start completed.
2025-02-28 00:55:06 [WARN] o.h.o.deprecation - HHH90000025: H2Dialect does not need to be specified explicitly using 'hibernate.dialect' (remove the property setting and it will be selected by default)
2025-02-28 00:55:06 [INFO] o.h.o.c.pooling - HHH10001005: Database info:
	Database JDBC URL [Connecting through datasource 'HikariDataSource (HikariPool-1)']
	Database driver: undefined/unknown
	Database version: 2.3.232
	Autocommit mode: undefined/unknown
	Isolation level: undefined/unknown
	Minimum pool size: undefined/unknown
	Maximum pool size: undefined/unknown
2025-02-28 00:55:07 [INFO] o.h.e.t.j.p.i.JtaPlatformInitiator - HHH000489: No JTA platform available (set 'hibernate.transaction.jta.platform' to enable JTA platform integration)
2025-02-28 00:55:07 [INFO] o.s.o.j.LocalContainerEntityManagerFactoryBean - Initialized JPA EntityManagerFactory for persistence unit 'default'
2025-02-28 00:55:07 [INFO] o.s.d.j.r.q.QueryEnhancerFactory - Hibernate is in classpath; If applicable, HQL parser will be used.
2025-02-28 00:55:07 [ERROR] i.n.r.d.DnsServerAddressStreamProviders - Unable to load io.netty.resolver.dns.macos.MacOSDnsServerAddressStreamProvider, fallback to system defaults. This may result in incorrect DNS resolutions on MacOS. Check whether you have a dependency on 'io.netty:netty-resolver-dns-native-macos'. Use DEBUG level to see the full stack: java.lang.UnsatisfiedLinkError: failed to load the required native library
2025-02-28 00:55:08 [WARN] o.s.b.a.o.j.JpaBaseConfiguration$JpaWebConfiguration - spring.jpa.open-in-view is enabled by default. Therefore, database queries may be performed during view rendering. Explicitly configure spring.jpa.open-in-view to disable this warning
2025-02-28 00:55:08 [INFO] o.s.s.c.a.a.c.InitializeUserDetailsBeanManagerConfigurer$InitializeUserDetailsManagerConfigurer - Global AuthenticationManager configured with UserDetailsService bean with name customUserDetailsServiceImpl
2025-02-28 00:55:09 [INFO] o.s.b.a.e.w.EndpointLinksResolver - Exposing 1 endpoint beneath base path '/actuator'
2025-02-28 00:55:09 [INFO] o.s.b.a.h.H2ConsoleAutoConfiguration - H2 console available at '/h2-console'. Database available at 'jdbc:h2:mem:test'
2025-02-28 00:55:09 [INFO] M.C.CarpoolApplicationTests - Started CarpoolApplicationTests in 4.261 seconds (process running for 4.792)
2025-02-28 00:55:10 [INFO] o.s.o.j.LocalContainerEntityManagerFactoryBean - Closing JPA EntityManagerFactory for persistence unit 'default'
2025-02-28 00:55:10 [INFO] c.z.h.HikariDataSource - HikariPool-1 - Shutdown initiated...
2025-02-28 00:55:10 [INFO] c.z.h.HikariDataSource - HikariPool-1 - Shutdown completed.
2025-02-28 00:56:58 [INFO] o.a.c.c.C.[.[.[/] - Initializing Spring DispatcherServlet 'dispatcherServlet'
2025-02-28 00:56:58 [INFO] o.s.w.s.DispatcherServlet - Initializing Servlet 'dispatcherServlet'
2025-02-28 00:56:58 [INFO] o.s.w.s.DispatcherServlet - Completed initialization in 7 ms
2025-02-28 00:56:58 [INFO] M.C.c.a.LoggingAspect - Join : IP : [0:0:0:0:0:0:0:1] / Method : [signUp] / Args : [[SignInRequestDto{memberId='member112'email='member112@test.com'nickname='닉네임112', password='[PROTECTED]'}]]
2025-02-28 00:56:58 [INFO] M.C.c.a.LoggingAspect - Return : IP : [0:0:0:0:0:0:0:1] / Method : [signUp] / Status : [200 OK] / Returned : [Message(message=회원가입 성공, status=201 CREATED, data=true)]
2025-02-28 00:57:00 [INFO] M.C.c.a.LoggingAspect - Join : IP : [0:0:0:0:0:0:0:1] / Method : [signIn] / Args : [[SignInRequestDto{memberId='member112', password='[PROTECTED]'}, org.springframework.web.context.request.async.StandardServletAsyncWebRequest$LifecycleHttpServletResponse@34fd382b, org.springframework.web.servlet.resource.ResourceUrlEncodingFilter$ResourceUrlEncodingRequestWrapper@27acf1e2]]
2025-02-28 00:57:00 [INFO] M.C.c.a.LoggingAspect - Return : IP : [0:0:0:0:0:0:0:1] / Method : [signIn] / Status : [200 OK] / Returned : [Message(message=로그인, status=200 OK, data=MemberResponseDto(isDriver=false, isBanned=false, carpoolCount=0))]
2025-02-28 00:57:07 [INFO] M.C.c.a.LoggingAspect - Join : IP : [0:0:0:0:0:0:0:1] / MemberId : [member112] / Method : [registerDriver] / Args : [DriverRequestDto(carNumber=12가 3456, phoneNumber=010-1234-5678, carImage=test.img)]
2025-02-28 00:57:07 [INFO] M.C.c.a.LoggingAspect - Return : IP : [0:0:0:0:0:0:0:1] / MemberId : [member112] / Method : [registerDriver] / Status : [200 OK] / Returned : [Message(message=드라이버 등록 성공, status=200 OK, data=MemberResponseDto(isDriver=true, isBanned=false, carpoolCount=0))]
2025-02-28 00:57:15 [INFO] M.C.c.a.LoggingAspect - Join : IP : [0:0:0:0:0:0:0:1] / MemberId : [member112] / Method : [makeCarpool] / Args : [CarpoolRequestDTO(departureCoordinate=경기도 수원시 권선구 오목천동, latitude=37.566826, longitude=126.9786567, departureTime=2025-02-23T11:05:29.288, chatLink=kakao.com, capacity=4, cost=2000)]
2025-02-28 00:57:16 [INFO] M.C.c.a.LoggingAspect - Return : IP : [0:0:0:0:0:0:0:1] / MemberId : [member112] / Method : [makeCarpool] / Status : [200 OK] / Returned : [Message(message=카풀 생성 성공, status=200 OK, data=CarpoolResponseDTO(carpoolId=1, driverName=닉네임112, driverImg=https://carool-s3.s3.ap-northeast-2.amazonaws.com/profileImgS3.png, carImg=test.img, carNumber=12가 3456, departureCoordinate=경기도 수원시 권선구 오목천동, latitude=null, longitude=null, departureTime=2025-02-23T11:05:29.288, chatLink=kakao.com, capacity=4, cost=2000, reservationCount=0))]
2025-02-28 00:57:24 [ERROR] o.a.c.c.C.[.[.[.[dispatcherServlet] - Servlet.service() for servlet [dispatcherServlet] in context with path [] threw exception
MATE.Carpool.common.exception.CustomException: 만료된 토큰입니다.
	at MATE.Carpool.config.jwt.JwtProvider.validateToken(JwtProvider.java:158)
	at MATE.Carpool.config.jwt.JwtAuthenticationFilter.doFilterInternal(JwtAuthenticationFilter.java:73)
	at org.springframework.web.filter.OncePerRequestFilter.doFilter(OncePerRequestFilter.java:116)
	at org.springframework.security.web.ObservationFilterChainDecorator$ObservationFilter.wrapFilter(ObservationFilterChainDecorator.java:240)
	at org.springframework.security.web.ObservationFilterChainDecorator$ObservationFilter.doFilter(ObservationFilterChainDecorator.java:227)
	at org.springframework.security.web.ObservationFilterChainDecorator$VirtualFilterChain.doFilter(ObservationFilterChainDecorator.java:137)
	at org.springframework.security.web.authentication.logout.LogoutFilter.doFilter(LogoutFilter.java:107)
	at org.springframework.security.web.authentication.logout.LogoutFilter.doFilter(LogoutFilter.java:93)
	at org.springframework.security.web.ObservationFilterChainDecorator$ObservationFilter.wrapFilter(ObservationFilterChainDecorator.java:240)
	at org.springframework.security.web.ObservationFilterChainDecorator$ObservationFilter.doFilter(ObservationFilterChainDecorator.java:227)
	at org.springframework.security.web.ObservationFilterChainDecorator$VirtualFilterChain.doFilter(ObservationFilterChainDecorator.java:137)
	at org.springframework.web.filter.CorsFilter.doFilterInternal(CorsFilter.java:91)
	at org.springframework.web.filter.OncePerRequestFilter.doFilter(OncePerRequestFilter.java:116)
	at org.springframework.security.web.ObservationFilterChainDecorator$ObservationFilter.wrapFilter(ObservationFilterChainDecorator.java:240)
	at org.springframework.security.web.ObservationFilterChainDecorator$ObservationFilter.doFilter(ObservationFilterChainDecorator.java:227)
	at org.springframework.security.web.ObservationFilterChainDecorator$VirtualFilterChain.doFilter(ObservationFilterChainDecorator.java:137)
	at org.springframework.security.web.header.HeaderWriterFilter.doHeadersAfter(HeaderWriterFilter.java:90)
	at org.springframework.security.web.header.HeaderWriterFilter.doFilterInternal(HeaderWriterFilter.java:75)
	at org.springframework.web.filter.OncePerRequestFilter.doFilter(OncePerRequestFilter.java:116)
	at org.springframework.security.web.ObservationFilterChainDecorator$ObservationFilter.wrapFilter(ObservationFilterChainDecorator.java:240)
	at org.springframework.security.web.ObservationFilterChainDecorator$ObservationFilter.doFilter(ObservationFilterChainDecorator.java:227)
	at org.springframework.security.web.ObservationFilterChainDecorator$VirtualFilterChain.doFilter(ObservationFilterChainDecorator.java:137)
	at org.springframework.security.web.context.SecurityContextHolderFilter.doFilter(SecurityContextHolderFilter.java:82)
	at org.springframework.security.web.context.SecurityContextHolderFilter.doFilter(SecurityContextHolderFilter.java:69)
	at org.springframework.security.web.ObservationFilterChainDecorator$ObservationFilter.wrapFilter(ObservationFilterChainDecorator.java:240)
	at org.springframework.security.web.ObservationFilterChainDecorator$ObservationFilter.doFilter(ObservationFilterChainDecorator.java:227)
	at org.springframework.security.web.ObservationFilterChainDecorator$VirtualFilterChain.doFilter(ObservationFilterChainDecorator.java:137)
	at org.springframework.security.web.context.request.async.WebAsyncManagerIntegrationFilter.doFilterInternal(WebAsyncManagerIntegrationFilter.java:62)
	at org.springframework.web.filter.OncePerRequestFilter.doFilter(OncePerRequestFilter.java:116)
	at org.springframework.security.web.ObservationFilterChainDecorator$ObservationFilter.wrapFilter(ObservationFilterChainDecorator.java:240)
	at org.springframework.security.web.ObservationFilterChainDecorator$ObservationFilter.doFilter(ObservationFilterChainDecorator.java:227)
	at org.springframework.security.web.ObservationFilterChainDecorator$VirtualFilterChain.doFilter(ObservationFilterChainDecorator.java:137)
	at org.springframework.security.web.session.DisableEncodeUrlFilter.doFilterInternal(DisableEncodeUrlFilter.java:42)
	at org.springframework.web.filter.OncePerRequestFilter.doFilter(OncePerRequestFilter.java:116)
	at org.springframework.security.web.ObservationFilterChainDecorator$ObservationFilter.wrapFilter(ObservationFilterChainDecorator.java:240)
	at org.springframework.security.web.ObservationFilterChainDecorator$AroundFilterObservation$SimpleAroundFilterObservation.lambda$wrap$0(ObservationFilterChainDecorator.java:323)
	at org.springframework.security.web.ObservationFilterChainDecorator$ObservationFilter.doFilter(ObservationFilterChainDecorator.java:224)
	at org.springframework.security.web.ObservationFilterChainDecorator$VirtualFilterChain.doFilter(ObservationFilterChainDecorator.java:137)
	at org.springframework.security.web.FilterChainProxy.doFilterInternal(FilterChainProxy.java:233)
	at org.springframework.security.web.FilterChainProxy.doFilter(FilterChainProxy.java:191)
	at org.springframework.web.filter.CompositeFilter$VirtualFilterChain.doFilter(CompositeFilter.java:113)
	at org.springframework.web.servlet.handler.HandlerMappingIntrospector.lambda$createCacheFilter$3(HandlerMappingIntrospector.java:243)
	at org.springframework.web.filter.CompositeFilter$VirtualFilterChain.doFilter(CompositeFilter.java:113)
	at org.springframework.web.filter.CompositeFilter.doFilter(CompositeFilter.java:74)
	at org.springframework.security.config.annotation.web.configuration.WebMvcSecurityConfiguration$CompositeFilterChainProxy.doFilter(WebMvcSecurityConfiguration.java:238)
	at org.springframework.web.filter.DelegatingFilterProxy.invokeDelegate(DelegatingFilterProxy.java:362)
	at org.springframework.web.filter.DelegatingFilterProxy.doFilter(DelegatingFilterProxy.java:278)
	at org.apache.catalina.core.ApplicationFilterChain.internalDoFilter(ApplicationFilterChain.java:164)
	at org.apache.catalina.core.ApplicationFilterChain.doFilter(ApplicationFilterChain.java:140)
	at org.springframework.web.filter.RequestContextFilter.doFilterInternal(RequestContextFilter.java:100)
	at org.springframework.web.filter.OncePerRequestFilter.doFilter(OncePerRequestFilter.java:116)
	at org.apache.catalina.core.ApplicationFilterChain.internalDoFilter(ApplicationFilterChain.java:164)
	at org.apache.catalina.core.ApplicationFilterChain.doFilter(ApplicationFilterChain.java:140)
	at org.springframework.web.filter.FormContentFilter.doFilterInternal(FormContentFilter.java:93)
	at org.springframework.web.filter.OncePerRequestFilter.doFilter(OncePerRequestFilter.java:116)
	at org.apache.catalina.core.ApplicationFilterChain.internalDoFilter(ApplicationFilterChain.java:164)
	at org.apache.catalina.core.ApplicationFilterChain.doFilter(ApplicationFilterChain.java:140)
	at org.springframework.web.filter.ServerHttpObservationFilter.doFilterInternal(ServerHttpObservationFilter.java:114)
	at org.springframework.web.filter.OncePerRequestFilter.doFilter(OncePerRequestFilter.java:116)
	at org.apache.catalina.core.ApplicationFilterChain.internalDoFilter(ApplicationFilterChain.java:164)
	at org.apache.catalina.core.ApplicationFilterChain.doFilter(ApplicationFilterChain.java:140)
	at org.springframework.web.filter.CharacterEncodingFilter.doFilterInternal(CharacterEncodingFilter.java:201)
	at org.springframework.web.filter.OncePerRequestFilter.doFilter(OncePerRequestFilter.java:116)
	at org.apache.catalina.core.ApplicationFilterChain.internalDoFilter(ApplicationFilterChain.java:164)
	at org.apache.catalina.core.ApplicationFilterChain.doFilter(ApplicationFilterChain.java:140)
	at org.apache.catalina.core.StandardWrapperValve.invoke(StandardWrapperValve.java:167)
	at org.apache.catalina.core.StandardContextValve.invoke(StandardContextValve.java:90)
	at org.apache.catalina.authenticator.AuthenticatorBase.invoke(AuthenticatorBase.java:483)
	at org.apache.catalina.core.StandardHostValve.invoke(StandardHostValve.java:115)
	at org.apache.catalina.valves.ErrorReportValve.invoke(ErrorReportValve.java:93)
	at org.apache.catalina.core.StandardEngineValve.invoke(StandardEngineValve.java:74)
	at org.apache.catalina.connector.CoyoteAdapter.service(CoyoteAdapter.java:344)
	at org.apache.coyote.http11.Http11Processor.service(Http11Processor.java:397)
	at org.apache.coyote.AbstractProcessorLight.process(AbstractProcessorLight.java:63)
	at org.apache.coyote.AbstractProtocol$ConnectionHandler.process(AbstractProtocol.java:905)
	at org.apache.tomcat.util.net.NioEndpoint$SocketProcessor.doRun(NioEndpoint.java:1741)
	at org.apache.tomcat.util.net.SocketProcessorBase.run(SocketProcessorBase.java:52)
	at org.apache.tomcat.util.threads.ThreadPoolExecutor.runWorker(ThreadPoolExecutor.java:1190)
	at org.apache.tomcat.util.threads.ThreadPoolExecutor$Worker.run(ThreadPoolExecutor.java:659)
	at org.apache.tomcat.util.threads.TaskThread$WrappingRunnable.run(TaskThread.java:63)
	at java.base/java.lang.Thread.run(Thread.java:842)
2025-02-28 00:57:28 [INFO] M.C.c.a.LoggingAspect - Join : IP : [0:0:0:0:0:0:0:1] / MemberId : [member112] / Method : [myCarpool] / Args : []
2025-02-28 00:57:28 [INFO] M.C.c.a.LoggingAspect - Return : IP : [0:0:0:0:0:0:0:1] / MemberId : [member112] / Method : [myCarpool] / Status : [200 OK] / Returned : [Message(message=내 카풀 조회, status=200 OK, data=MATE.Carpool.domain.carpool.dto.response.CarpoolWithPassengersDTO@6bbfd3a7)]
2025-02-28 00:57:48 [INFO] M.C.c.a.LoggingAspect - Join : IP : [0:0:0:0:0:0:0:1] / MemberId : [member112] / Method : [getDriverHistory] / Args : []
2025-02-28 00:57:48 [INFO] M.C.c.a.LoggingAspect - Return : IP : [0:0:0:0:0:0:0:1] / MemberId : [member112] / Method : [getDriverHistory] / Status : [200 OK] / Returned : [Message(message=운행 목록 조회 성공, status=200 OK, data=[MATE.Carpool.domain.carpool.dto.response.CarpoolHistoryResponseDTO@2316106b])]
2025-02-28 00:57:54 [INFO] o.s.b.w.e.t.GracefulShutdown - Commencing graceful shutdown. Waiting for active requests to complete
2025-02-28 00:57:54 [INFO] o.s.b.w.e.t.GracefulShutdown - Graceful shutdown complete
2025-02-28 00:57:54 [INFO] o.s.o.j.LocalContainerEntityManagerFactoryBean - Closing JPA EntityManagerFactory for persistence unit 'default'
2025-02-28 00:57:54 [INFO] c.z.h.HikariDataSource - HikariPool-1 - Shutdown initiated...
2025-02-28 00:57:54 [INFO] c.z.h.HikariDataSource - HikariPool-1 - Shutdown completed.
